<?xml version="1.0" encoding="UTF-8"?>
<testng-results total="1" passed="1" failed="0" skipped="0">
  <reporter-output>
  </reporter-output>
  <suite started-at="2021-01-23T15:25:32Z" name="Default suite" finished-at="2021-01-23T15:26:25Z" duration-ms="52369">
    <groups>
      <group name="cucumber">
        <method signature="TestRunner.feature(cucumber.api.testng.CucumberFeatureWrapper)[pri:0, instance:TestRun.TestRunner@1583741e]" name="feature" class="TestRun.TestRunner"/>
      </group> <!-- cucumber -->
    </groups>
    <test started-at="2021-01-23T15:25:32Z" name="Default test" finished-at="2021-01-23T15:26:25Z" duration-ms="52369">
      <class name="TestRun.TestRunner">
        <test-method is-config="true" signature="setUpClass()[pri:0, instance:TestRun.TestRunner@1583741e]" started-at="2021-01-23T20:55:32Z" name="setUpClass" test-instance-name="Flipkart webApplication" finished-at="2021-01-23T20:55:33Z" duration-ms="358" status="PASS">
          <reporter-output>
          </reporter-output>
        </test-method> <!-- setUpClass -->
        <test-method is-config="true" signature="beforeClass()[pri:0, instance:TestRun.TestRunner@1583741e]" started-at="2021-01-23T20:55:33Z" name="beforeClass" test-instance-name="Flipkart webApplication" finished-at="2021-01-23T20:55:33Z" duration-ms="19" status="PASS">
          <reporter-output>
          </reporter-output>
        </test-method> <!-- beforeClass -->
        <test-method is-config="true" signature="beforeMethod([Ljava.lang.Object;)[pri:0, instance:TestRun.TestRunner@1583741e]" started-at="2021-01-23T20:55:33Z" name="beforeMethod" test-instance-name="Flipkart webApplication" finished-at="2021-01-23T20:55:33Z" duration-ms="1" status="PASS">
          <params>
            <param index="0">
              <value>
                <![CDATA[[Ljava.lang.Object;@1cfc2538]]>
              </value>
            </param>
          </params>
          <reporter-output>
          </reporter-output>
        </test-method> <!-- beforeMethod -->
        <test-method signature="feature(cucumber.api.testng.CucumberFeatureWrapper)[pri:0, instance:TestRun.TestRunner@1583741e]" started-at="2021-01-23T20:55:33Z" name="feature" description="Runs CucumberFeature" data-provider="features" test-instance-name="Flipkart webApplication" finished-at="2021-01-23T20:56:24Z" duration-ms="51358" status="PASS">
          <params>
            <param index="0">
              <value>
                <![CDATA[Flipkart webApplication]]>
              </value>
            </param>
          </params>
          <reporter-output>
          </reporter-output>
        </test-method> <!-- feature -->
        <test-method is-config="true" signature="afterClass()[pri:0, instance:TestRun.TestRunner@1583741e]" started-at="2021-01-23T20:56:24Z" name="afterClass" test-instance-name="Flipkart webApplication" finished-at="2021-01-23T20:56:25Z" duration-ms="422" status="PASS">
          <reporter-output>
          </reporter-output>
        </test-method> <!-- afterClass -->
        <test-method is-config="true" signature="tearDownClass()[pri:0, instance:TestRun.TestRunner@1583741e]" started-at="2021-01-23T20:56:25Z" name="tearDownClass" test-instance-name="Flipkart webApplication" finished-at="2021-01-23T20:56:25Z" duration-ms="104" status="PASS">
          <reporter-output>
          </reporter-output>
        </test-method> <!-- tearDownClass -->
      </class> <!-- TestRun.TestRunner -->
    </test> <!-- Default test -->
  </suite> <!-- Default suite -->
</testng-results>
